<?xml version="1.0" encoding="UTF-8"?>
<!-- Generated by org.testng.reporters.JUnitReportReporter -->
<testsuite hostname="LAPTOP-PPO5QR4P" failures="0" tests="1" name="tests.LoginTest" time="7.036" errors="0" timestamp="2025-09-16T20:04:30 IST" skipped="0">
  <testcase classname="tests.LoginTest" name="testValidLogin" time="7.036"/>
</testsuite> <!-- tests.LoginTest -->
