<?xml version="1.0" encoding="UTF-8"?>
<!-- Generated by org.testng.reporters.JUnitReportReporter -->
<testsuite hostname="LAPTOP-PPO5QR4P" failures="0" tests="1" name="tests.LoginTest" time="9.652" errors="0" timestamp="2025-09-17T16:36:24 IST" skipped="0">
  <testcase classname="tests.LoginTest" name="testValidLogin" time="9.652"/>
</testsuite> <!-- tests.LoginTest -->
